<?xml version="1.0" encoding="UTF-8"?>
<!-- Generated by org.testng.reporters.JUnitReportReporter -->
<testsuite hostname="DESKTOP-G3PG0JP" failures="0" tests="3" name="DynamicPayloads" time="4.195" errors="0" timestamp="28 Feb 2021 14:08:50 GMT">
  <testcase classname="DynamicPayloads" name="addPlace" time="3.788"/>
  <testcase classname="DynamicPayloads" name="addPlace" time="0.193"/>
  <testcase classname="DynamicPayloads" name="addPlace" time="0.214"/>
</testsuite> <!-- DynamicPayloads -->
