<?xml version="1.0" encoding="UTF-8"?>
<!-- Generated by org.testng.reporters.JUnitReportReporter -->
<testsuite hostname="DESKTOP-G3PG0JP" failures="0" tests="1" name="DataDriven" time="4.776" errors="0" timestamp="20 May 2021 05:13:47 GMT">
  <testcase classname="DataDriven" name="addPlace" time="4.776"/>
</testsuite> <!-- DataDriven -->
