<?xml version="1.0" encoding="UTF-8"?>
<!-- Generated by org.testng.reporters.JUnitReportReporter -->
<testsuite hostname="DESKTOP-G3PG0JP" failures="0" tests="1" name="StaticJsonPayload" time="0.018" errors="0" timestamp="1 Mar 2021 09:20:16 GMT">
  <testcase classname="StaticJsonPayload" name="post" time="0.018"/>
</testsuite> <!-- StaticJsonPayload -->
